c:\users\quesha\desktop\2018\2학기\컴그\텀프\카\project1\debug\vc141.pdb
c:\users\quesha\desktop\2018\2학기\컴그\텀프\카\project1\debug\vc141.idb
c:\users\quesha\desktop\2018\2학기\컴그\텀프\카\project1\debug\arm.obj
c:\users\quesha\desktop\2018\2학기\컴그\텀프\카\project1\debug\body.obj
c:\users\quesha\desktop\2018\2학기\컴그\텀프\카\project1\debug\bullet.obj
c:\users\quesha\desktop\2018\2학기\컴그\텀프\카\project1\debug\camera.obj
c:\users\quesha\desktop\2018\2학기\컴그\텀프\카\project1\debug\head.obj
c:\users\quesha\desktop\2018\2학기\컴그\텀프\카\project1\debug\leg.obj
c:\users\quesha\desktop\2018\2학기\컴그\텀프\카\project1\debug\lightobject.obj
c:\users\quesha\desktop\2018\2학기\컴그\텀프\카\project1\debug\map.obj
c:\users\quesha\desktop\2018\2학기\컴그\텀프\카\project1\debug\menu.obj
c:\users\quesha\desktop\2018\2학기\컴그\텀프\카\project1\debug\robot.obj
c:\users\quesha\desktop\2018\2학기\컴그\텀프\카\project1\debug\ui.obj
c:\users\quesha\desktop\2018\2학기\컴그\텀프\카\project1\debug\wing.obj
c:\users\quesha\desktop\2018\2학기\컴그\텀프\카\project1\debug\텀프.obj
c:\users\quesha\desktop\2018\2학기\컴그\텀프\카\project1\debug\particle.obj
c:\users\quesha\desktop\2018\2학기\컴그\텀프\카\project1\debug\stdafx.obj
c:\users\quesha\desktop\2018\2학기\컴그\텀프\카\project1\debug\title.obj
c:\users\quesha\desktop\2018\2학기\컴그\텀프\카\debug\project1.exe
c:\users\quesha\desktop\2018\2학기\컴그\텀프\카\debug\project1.ilk
c:\users\quesha\desktop\2018\2학기\컴그\텀프\카\debug\project1.pdb
c:\users\dohyun\desktop\최종 프로젝트_김의정,노도현\프로젝트 파일\project1\debug\arm.obj
c:\users\dohyun\desktop\최종 프로젝트_김의정,노도현\프로젝트 파일\project1\debug\body.obj
c:\users\dohyun\desktop\최종 프로젝트_김의정,노도현\프로젝트 파일\project1\debug\bullet.obj
c:\users\dohyun\desktop\최종 프로젝트_김의정,노도현\프로젝트 파일\project1\debug\camera.obj
c:\users\dohyun\desktop\최종 프로젝트_김의정,노도현\프로젝트 파일\project1\debug\head.obj
c:\users\dohyun\desktop\최종 프로젝트_김의정,노도현\프로젝트 파일\project1\debug\leg.obj
c:\users\dohyun\desktop\최종 프로젝트_김의정,노도현\프로젝트 파일\project1\debug\lightobject.obj
c:\users\dohyun\desktop\최종 프로젝트_김의정,노도현\프로젝트 파일\project1\debug\map.obj
c:\users\dohyun\desktop\최종 프로젝트_김의정,노도현\프로젝트 파일\project1\debug\menu.obj
c:\users\dohyun\desktop\최종 프로젝트_김의정,노도현\프로젝트 파일\project1\debug\particle.obj
c:\users\dohyun\desktop\최종 프로젝트_김의정,노도현\프로젝트 파일\project1\debug\robot.obj
c:\users\dohyun\desktop\최종 프로젝트_김의정,노도현\프로젝트 파일\project1\debug\stdafx.obj
c:\users\dohyun\desktop\최종 프로젝트_김의정,노도현\프로젝트 파일\project1\debug\title.obj
c:\users\dohyun\desktop\최종 프로젝트_김의정,노도현\프로젝트 파일\project1\debug\ui.obj
c:\users\dohyun\desktop\최종 프로젝트_김의정,노도현\프로젝트 파일\project1\debug\wing.obj
c:\users\dohyun\desktop\최종 프로젝트_김의정,노도현\프로젝트 파일\project1\debug\텀프.obj
c:\users\dohyun\desktop\최종 프로젝트_김의정,노도현\프로젝트 파일\project1\debug\vc141.idb
c:\users\dohyun\desktop\최종 프로젝트_김의정,노도현\프로젝트 파일\project1\debug\vc141.pdb
c:\users\dohyun\desktop\최종 프로젝트_김의정,노도현\프로젝트 파일\debug\project1.pdb
c:\users\dohyun\desktop\최종 프로젝트_김의정,노도현\프로젝트 파일\debug\project1.exe
c:\users\dohyun\desktop\최종 프로젝트_김의정,노도현\프로젝트 파일\debug\project1.ilk
c:\users\dohyun\desktop\최종 프로젝트_김의정,노도현\프로젝트 파일\project1\debug\project1.tlog\cl.command.1.tlog
c:\users\dohyun\desktop\최종 프로젝트_김의정,노도현\프로젝트 파일\project1\debug\project1.tlog\cl.read.1.tlog
c:\users\dohyun\desktop\최종 프로젝트_김의정,노도현\프로젝트 파일\project1\debug\project1.tlog\cl.write.1.tlog
c:\users\dohyun\desktop\최종 프로젝트_김의정,노도현\프로젝트 파일\project1\debug\project1.tlog\link.command.1.tlog
c:\users\dohyun\desktop\최종 프로젝트_김의정,노도현\프로젝트 파일\project1\debug\project1.tlog\link.read.1.tlog
c:\users\dohyun\desktop\최종 프로젝트_김의정,노도현\프로젝트 파일\project1\debug\project1.tlog\link.write.1.tlog
